<?xml version="1.0" encoding="UTF-8"?>
<!-- Generated by org.testng.reporters.JUnitXMLReporter -->
<testsuite ignored="0" hostname="DESKTOP-DKM98KI" failures="0" tests="5" name="Default test" time="0.224" errors="0" timestamp="2022-07-14T21:29:33 IST">
  <testcase classname="TestNGScripts.Test2" name="TC1" time="0.036"/>
  <testcase classname="TestNGScripts.Test2" name="TC1" time="0.009"/>
  <testcase classname="TestNGScripts.Test2" name="TC1" time="0.006"/>
  <testcase classname="TestNGScripts.Test2" name="TC1" time="0.004"/>
  <testcase classname="TestNGScripts.Test2" name="TC1" time="0.013"/>
</testsuite> <!-- Default test -->
