<?xml version="1.0" encoding="UTF-8"?>
<testng-results ignored="0" total="5" passed="5" failed="0" skipped="0">
  <reporter-output>
  </reporter-output>
  <suite started-at="2022-07-14T21:29:33 IST" name="Default suite" finished-at="2022-07-14T21:29:33 IST" duration-ms="224">
    <groups>
    </groups>
    <test started-at="2022-07-14T21:29:33 IST" name="Default test" finished-at="2022-07-14T21:29:33 IST" duration-ms="224">
      <class name="TestNGScripts.Test2">
        <test-method signature="TC1()[pri:0, instance:TestNGScripts.Test2@161479c6]" started-at="2022-07-14T21:29:33 IST" name="TC1" finished-at="2022-07-14T21:29:33 IST" duration-ms="36" status="PASS">
          <reporter-output>
          </reporter-output>
        </test-method> <!-- TC1 -->
        <test-method signature="TC1()[pri:0, instance:TestNGScripts.Test2@161479c6]" started-at="2022-07-14T21:29:33 IST" name="TC1" finished-at="2022-07-14T21:29:33 IST" duration-ms="9" status="PASS">
          <reporter-output>
          </reporter-output>
        </test-method> <!-- TC1 -->
        <test-method signature="TC1()[pri:0, instance:TestNGScripts.Test2@161479c6]" started-at="2022-07-14T21:29:33 IST" name="TC1" finished-at="2022-07-14T21:29:33 IST" duration-ms="6" status="PASS">
          <reporter-output>
          </reporter-output>
        </test-method> <!-- TC1 -->
        <test-method signature="TC1()[pri:0, instance:TestNGScripts.Test2@161479c6]" started-at="2022-07-14T21:29:33 IST" name="TC1" finished-at="2022-07-14T21:29:33 IST" duration-ms="4" status="PASS">
          <reporter-output>
          </reporter-output>
        </test-method> <!-- TC1 -->
        <test-method signature="TC1()[pri:0, instance:TestNGScripts.Test2@161479c6]" started-at="2022-07-14T21:29:33 IST" name="TC1" finished-at="2022-07-14T21:29:33 IST" duration-ms="13" status="PASS">
          <reporter-output>
          </reporter-output>
        </test-method> <!-- TC1 -->
      </class> <!-- TestNGScripts.Test2 -->
    </test> <!-- Default test -->
  </suite> <!-- Default suite -->
</testng-results>
